<?xml version="1.0" encoding="UTF-8"?>
<testsuite name="com.example.demo.CalculatorTest" tests="4" skipped="0" failures="0" errors="0" timestamp="2023-05-08T18:51:23" hostname="ChoSukHwan-MacBookAir" time="0.184">
  <properties/>
  <testcase name="testDiv()" classname="com.example.demo.CalculatorTest" time="0.18"/>
  <testcase name="testMul()" classname="com.example.demo.CalculatorTest" time="0.001"/>
  <testcase name="testSub()" classname="com.example.demo.CalculatorTest" time="0.001"/>
  <testcase name="testSum()" classname="com.example.demo.CalculatorTest" time="0.001"/>
  <system-out><![CDATA[]]></system-out>
  <system-err><![CDATA[]]></system-err>
</testsuite>
